2024-09-23 19:46:30,974 - INFO -   ############ Starting load_measures function  ############ 
2024-09-23 19:46:30,974 - INFO - institute: OECD
2024-09-23 19:46:33,010 - INFO - Number of records before filtering: 847454
2024-09-23 19:46:33,448 - INFO - Number of records after filtering: 0
2024-09-23 19:46:33,486 - INFO - Data insertion completed
2024-09-23 19:46:33,486 - INFO -   ############ Ending load_measures function  ############ 
2024-09-29 11:35:53,898 - INFO -   ############ Starting load_measures process  ############ 
2024-09-29 11:35:53,898 - INFO - institute: IMF
2024-09-29 11:36:12,011 - INFO -   ############ Starting load_measures process  ############ 
2024-09-29 11:36:12,011 - INFO - institute: IMF
2024-09-29 11:37:13,941 - INFO -   ############ Starting load_measures process  ############ 
2024-09-29 11:37:13,941 - INFO - institute: IMF
2024-09-29 11:37:15,438 - INFO - Number of records before filtering: 317745
2024-09-29 11:42:14,137 - INFO -   ############ Starting load_measures process  ############ 
2024-09-29 11:42:14,137 - INFO - institute: IMF
2024-09-29 11:42:15,638 - INFO - Number of records before filtering: 317745
2024-09-29 11:42:48,353 - INFO -   ############ Starting load_measures process  ############ 
2024-09-29 11:42:48,353 - INFO - institute: IMF
2024-09-29 11:42:50,051 - INFO - Number of records before filtering: 317745
2024-09-29 11:43:45,855 - INFO -   ############ Starting load_measures process  ############ 
2024-09-29 11:43:45,855 - INFO - institute: IMF
2024-09-29 11:43:47,358 - INFO - Number of records before filtering: 317745
2024-09-29 11:44:24,883 - INFO -   ############ Starting load_measures process  ############ 
2024-09-29 11:44:24,883 - INFO - institute: IMF
2024-09-29 11:44:26,273 - INFO - Number of records before filtering: 317745
2024-09-29 11:44:26,984 - INFO - Number of records after filtering: 293418
2024-09-29 11:46:27,350 - INFO -   ############ Starting load_measures process  ############ 
2024-09-29 11:46:27,351 - INFO - institute: IMF
2024-09-29 11:46:28,782 - INFO - Number of records before filtering: 317745
2024-09-29 11:46:49,473 - INFO -   ############ Starting load_measures process  ############ 
2024-09-29 11:46:49,473 - INFO - institute: IMF
2024-09-29 11:46:50,892 - INFO - Number of records before filtering: 317745
2024-09-29 11:47:32,158 - INFO -   ############ Starting load_measures process  ############ 
2024-09-29 11:47:32,158 - INFO - institute: IMF
2024-09-29 11:47:33,644 - INFO - Number of records before filtering: 317745
2024-09-29 11:48:13,412 - INFO -   ############ Starting load_measures process  ############ 
2024-09-29 11:48:13,413 - INFO - institute: IMF
2024-09-29 11:48:14,896 - INFO - Number of records before filtering: 317745
2024-09-29 11:48:15,695 - INFO - Number of records after filtering: 293418
2024-09-29 11:49:34,281 - INFO -   ############ Starting load_measures process  ############ 
2024-09-29 11:49:34,282 - INFO - institute: IMF
2024-09-29 11:49:35,723 - INFO - Number of records before filtering: 317745
2024-09-29 11:49:36,419 - INFO - Number of records after filtering: 293418
2024-09-29 11:59:05,417 - INFO -   ############ Starting load_measures process  ############ 
2024-09-29 11:59:05,418 - INFO - institute: IMF
2024-09-29 11:59:06,957 - INFO - Number of records before filtering: 317745
2024-09-29 11:59:15,386 - INFO -   ############ Starting load_measures process  ############ 
2024-09-29 11:59:15,386 - INFO - institute: IMF
2024-09-29 11:59:16,938 - INFO - Number of records before filtering: 317745
2024-09-29 11:59:40,657 - INFO -   ############ Starting load_measures process  ############ 
2024-09-29 11:59:40,658 - INFO - institute: IMF
2024-09-29 11:59:42,126 - INFO - Number of records before filtering: 317745
2024-09-29 12:04:12,894 - INFO -   ############ Starting load_measures process  ############ 
2024-09-29 12:04:12,894 - INFO - institute: IMF
2024-09-29 12:04:14,617 - INFO - Number of records before filtering: 317745
2024-09-29 12:04:42,216 - INFO -   ############ Starting load_measures process  ############ 
2024-09-29 12:04:42,217 - INFO - institute: IMF
2024-09-29 12:04:43,798 - INFO - Number of records before filtering: 317745
2024-09-29 12:04:44,420 - INFO - Number of records after filtering: 293418
2024-09-29 12:05:23,917 - INFO -   ############ Starting load_measures process  ############ 
2024-09-29 12:05:23,917 - INFO - institute: IMF
2024-09-29 12:05:25,596 - INFO - Number of records before filtering: 317745
2024-09-29 12:05:26,237 - INFO - Number of records after filtering: 293418
2024-09-29 12:06:01,062 - INFO -   ############ Starting load_measures process  ############ 
2024-09-29 12:06:01,062 - INFO - institute: IMF
2024-09-29 12:06:02,698 - INFO - Number of records before filtering: 317745
2024-09-29 12:06:03,322 - INFO - Number of records after filtering: 293418
2024-09-29 12:07:46,152 - INFO -   ############ Starting load_measures process  ############ 
2024-09-29 12:07:46,152 - INFO - institute: IMF
2024-09-29 12:07:47,733 - INFO - Number of records before filtering: 317745
2024-09-29 12:07:48,783 - INFO - Number of records after filtering: 293418
2024-09-29 12:08:26,570 - INFO - Data insertion completed
2024-09-29 12:08:26,570 - INFO -   ############ Ending load_measures process  ############ 
2024-09-29 12:21:01,603 - INFO -   ############ Starting load_measures process  ############ 
2024-09-29 12:21:01,604 - INFO - institute: IMF
2024-09-29 12:21:03,250 - INFO - Number of records before filtering: 317745
2024-09-29 12:21:04,614 - INFO - Number of records after filtering: 0
2024-09-29 12:21:04,614 - INFO - No new data to insert. Exiting.
